0 0
1 2
2 2
3 2
4 2
5 1
6 2
7 0
8 1
9 1
10 1
11 0
12 0
13 2
14 0
15 2
16 0
17 2
18 0
19 0
20 2
21 0
22 0
23 0
24 0
25 1
26 1
27 2
28 2
29 1
30 2
31 2
32 0
33 0
34 1
35 2
36 0
37 1
38 0
39 2
40 1
41 1
42 2
43 2
44 0
45 0
46 1
47 1
48 2
49 2
50 0
51 0
52 1
53 2
54 0
55 1
56 1
57 2
58 1
59 1
60 2
61 2
62 2
63 0
64 0
65 2
66 1
67 0
68 2
69 1
70 1
71 0
72 2
73 1
74 1
75 2
76 0
77 0
78 1
79 0
80 1
81 1
82 1
83 2
84 2
85 1
86 2
87 1
88 2
89 2
90 0
91 1
92 1
93 1
94 1
95 1
96 0
97 1
98 1
99 2
100 0
101 1
102 1
103 0
104 0
105 2
106 1
107 2
108 0
109 0
110 2
111 2
112 2
113 0
114 1
115 2
116 0
117 0
118 1
119 2
120 2
121 0
122 1
123 2
124 1
125 2
126 2
127 2
128 2
129 1
130 1
131 1
132 2
133 0
134 2
135 0
136 1
137 0
138 0
139 1
140 2
141 1
142 0
143 0
144 0
145 1
146 1
147 0
148 1
149 0
150 1
151 1
152 2
153 1
154 0
155 1
156 2
157 1
158 1
159 0
160 2
161 2
162 0
163 0
164 1
165 2
166 0
167 0
168 1
169 2
170 0
171 1
172 2
173 2
174 2
175 0
176 1
177 0
178 1
179 2
180 0
181 2
182 1
183 0
184 1
185 0
186 0
187 2
188 1
189 0
190 2
191 1
192 2
193 1
194 1
195 1
196 0
197 1
198 2
199 1
200 0
201 2
202 2
203 1
204 0
205 0
206 0
207 2
208 1
209 1
210 2
211 1
212 1
213 1
214 0
215 0
216 1
217 2
218 0
219 0
220 2
221 1
222 1
223 0
224 0
225 2
226 0
227 0
228 0
229 1
230 1
231 0
232 1
233 2
234 2
235 1
236 2
237 0
238 2
239 2
240 1
241 2
242 2
243 2
244 2
245 0
246 0
247 0
248 1
249 0
250 2
251 0
252 0
253 0
254 2
255 0
256 0
257 2
258 0
259 2
260 1
261 0
262 2
263 0
264 0
265 0
266 2
267 1
268 2
269 2
270 1
271 1
272 2
273 0
274 0
275 2
276 0
277 1
278 0
279 2
280 0
281 1
282 2
283 2
284 0
285 0
286 1
287 2
288 0
289 1
290 2
291 1
292 0
293 0
294 1
295 2
296 1
297 0
298 1
299 2
300 1
301 0
302 0
303 1
304 0
305 1
306 1
307 0
308 2
309 1
310 1
311 0
312 1
313 1
314 1
315 2
316 1
317 2
318 1
319 2
320 0
321 2
322 0
323 1
324 2
325 2
326 0
327 0
328 0
329 1
330 1
331 2
332 1
333 0
334 0
335 1
336 2
337 0
338 0
339 2
340 1
341 1
342 2
343 0
344 1
345 2
346 1
347 1
348 0
349 0
350 1
351 1
352 0
353 2
354 0
355 0
356 0
357 0
358 1
359 2
360 1
361 0
362 0
363 2
364 2
365 1
366 0
367 0
368 2
369 2
370 0
371 0
372 0
373 2
374 2
375 0
376 2
377 2
378 1
379 2
380 1
381 2
382 1
383 0
384 1
385 2
386 1
387 0
388 1
389 0
390 2
391 0
392 1
393 0
394 0
395 1
396 0
397 0
398 2
399 1
400 2
401 1
402 2
403 0
404 2
405 1
406 1
407 2
408 0
409 2
410 1
411 0
412 0
413 2
414 0
415 2
416 1
417 2
418 2
419 2
420 1
421 1
422 1
423 0
424 1
425 0
426 0
427 2
428 1
429 0
430 0
431 1
432 1
433 0
434 1
435 1
436 0
437 1
438 2
439 0
440 2
441 0
442 0
443 0
444 0
445 2
446 0
447 0
448 2
449 2
450 1
451 2
452 2
453 1
454 2
455 1
456 0
457 1
458 0
459 2
460 2
461 0
462 0
463 2
464 0
465 0
466 2
467 1
468 2
469 2
470 2
471 2
472 2
473 2
474 0
475 2
476 2
477 1
478 0
479 2
480 1
481 2
482 0
483 1
484 1
485 2
486 1
487 1
488 0
489 0
490 2
491 0
492 1
493 1
494 0
495 2
496 2
497 2
498 1
499 2
500 0
501 1
502 1
503 2
504 0
505 1
506 2
507 1
508 0
509 0
510 2
511 2
512 0
513 2
514 2
515 1
516 2
517 2
518 2
519 2
520 1
521 0
522 0
523 2
524 2
525 2
526 1
527 1
528 0
529 2
530 1
531 0
532 2
533 2
534 2
535 0
536 2
537 2
538 2
539 0
540 2
541 2
542 1
543 0
544 0
545 1
546 0
547 2
548 2
549 0
550 1
551 1
552 1
553 1
554 1
555 0
556 2
557 0
558 0
559 1
560 2
561 0
562 2
563 0
564 2
565 2
566 0
567 0
568 0
569 2
570 1
571 1
572 0
573 0
574 2
575 2
576 1
577 0
578 2
579 0
580 2
581 1
582 1
583 1
584 2
585 1
586 1
587 0
588 0
589 0
590 1
591 1
592 2
593 1
594 1
595 0
596 2
597 2
598 0
599 1
600 1
601 2
602 2
603 0
604 2
605 2
606 2
607 1
608 0
609 2
610 1
611 2
612 1
613 1
614 1
615 0
616 0
617 0
618 1
619 0
620 2
621 1
622 1
623 0
624 0
625 1
626 1
627 2
628 0
629 1
630 1
631 0
632 2
633 0
634 1
635 2
636 0
637 1
638 1
639 2
640 1
641 0
642 2
643 1
644 1
645 1
646 2
647 2
648 0
649 0
650 1
651 0
652 2
653 2
654 0
655 1
656 0
657 0
658 1
659 0
660 1
661 2
662 0
663 2
664 2
665 1
666 1
667 2
668 0
669 2
670 0
671 2
672 0
673 0
674 1
675 1
676 0
677 2
678 2
679 0
680 2
681 2
682 1
683 1
684 2
685 1
686 0
687 1
688 1
689 1
690 2
691 1
692 1
693 2
694 2
695 1
696 0
697 1
698 1
699 2
700 2
701 1
702 0
703 1
704 0
705 2
706 0
707 0
708 1
709 1
710 1
711 0
712 0
713 2
714 1
715 2
716 1
717 0
718 0
719 1
720 2
721 0
722 1
723 1
724 0
725 1
726 0
727 1
728 0
729 0
730 1
731 0
732 2
733 2
734 1
735 0
736 0
737 1
738 0
739 1
740 0
741 1
742 2
743 1
744 2
745 2
746 2
747 0
748 1
749 2
750 0
751 2
752 2
753 1
754 0
755 1
756 0
757 1
758 2
759 1
760 1
761 2
762 2
763 1
764 2
765 2
766 0
767 0
768 2
769 0
770 0
771 0
772 1
773 2
774 0
775 0
776 0
777 1
778 1
779 0
780 0
781 1
782 0
783 0
784 1
785 0
786 2
787 2
788 0
789 1
790 2
791 2
792 2
793 2
794 1
795 2
796 1
797 0
798 1
799 2
800 1
801 2
802 1
803 0
804 2
805 2
806 1
807 0
808 2
809 1
810 0
811 1
812 2
813 2
814 2
815 2
816 1
817 0
818 2
819 1
820 1
821 2
822 2
823 2
824 1
825 1
826 1
827 1
828 0
829 2
830 1
831 0
832 0
833 2
834 2
835 1
836 1
837 2
838 0
839 1
840 2
841 1
842 2
843 2
844 0
845 1
846 2
847 1
848 2
849 2
850 1
851 2
852 1
853 2
854 2
855 1
856 1
857 0
858 0
859 1
860 1
861 2
862 2
863 1
864 0
865 0
866 0
867 2
868 0
869 2
870 0
871 0
872 2
873 0
874 2
875 2
876 2
877 1
878 2
879 2
880 2
881 0
882 2
883 1
884 2
885 2
886 1
887 1
888 2
889 0
890 0
891 1
892 0
893 1
894 1
895 0
896 2
897 0
898 1
899 0
900 0
901 2
902 2
903 0
904 1
905 2
906 1
907 2
908 2
909 1
910 2
911 0
912 1
913 1
914 0
915 0
916 1
917 0
918 0
919 0
920 2
921 1
922 1
923 1
924 0
925 0
926 1
927 0
928 1
929 2
930 0
931 1
932 2
933 0
934 1
935 0
936 1
937 2
938 2
939 1
940 2
941 0
942 0
943 2
944 2
945 2
946 1
947 0
948 1
949 0
950 1
951 2
952 0
953 1
954 0
955 0
956 0
957 1
958 0
959 0
960 0
961 2
962 0
963 2
964 1
965 2
966 1
967 1
968 0
969 1
970 2
971 1
972 0
973 0
974 0
975 2
976 2
977 2
978 0
979 0
980 2
981 0
982 1
983 1
984 1
985 1
986 0
987 1
988 0
989 0
990 2
991 2
992 0
993 2
994 0
995 2
996 0
997 1
998 1
999 2
